<?xml version="1.0" encoding="UTF-8"?>
<!-- Generated by org.testng.reporters.JUnitReportReporter -->
<testsuite hostname="MAGAR" failures="0" tests="5" name="testCases.checkoutPage3Test" time="61.985" errors="0" timestamp="2023-10-27T17:53:47 IST" skipped="0">
  <testcase classname="testCases.checkoutPage3Test" name="verifyimageTest" time="10.885"/>
  <system-out>
    <![CDATA[Visibility of Checkout image =true]]>
  </system-out>
  <testcase classname="testCases.checkoutPage3Test" name="verifythankyouTextTest" time="9.478"/>
  <system-out>
    <![CDATA[URL of cart page = Your order has been dispatched, and will arrive just as fast as the pony can get there!]]>
  </system-out>
  <testcase classname="testCases.checkoutPage3Test" name="verifyURLOfApplicationTest" time="13.842"/>
  <system-out>
    <![CDATA[URL of cart page = https://www.saucedemo.com/checkout-complete.html]]>
  </system-out>
  <testcase classname="testCases.checkoutPage3Test" name="verifycheckoutPage3labelTest" time="12.491"/>
  <system-out>
    <![CDATA[URL of cart page = Checkout: Complete!]]>
  </system-out>
  <testcase classname="testCases.checkoutPage3Test" name="verifythankyouLabelTest" time="15.289"/>
  <system-out>
    <![CDATA[URL of cart page = Thank you for your order!]]>
  </system-out>
</testsuite> <!-- testCases.checkoutPage3Test -->
