<?xml version="1.0" encoding="UTF-8"?>
<!-- Generated by org.testng.reporters.JUnitReportReporter -->
<testsuite hostname="MAGAR" failures="0" tests="3" name="testCases.LoginPageTest" time="135.209" errors="0" timestamp="2023-10-27T21:46:44 IST" skipped="0">
  <testcase classname="testCases.LoginPageTest" name="verifyURLOfApplicationTest" time="52.388"/>
  <system-out/>
  <testcase classname="testCases.LoginPageTest" name="verifyTitleOfApplication" time="31.614"/>
  <system-out/>
  <testcase classname="testCases.LoginPageTest" name="LoginToApplicationTest" time="51.207"/>
  <system-out/>
</testsuite> <!-- testCases.LoginPageTest -->
