<?xml version="1.0" encoding="UTF-8"?>
<!-- Generated by org.testng.reporters.JUnitReportReporter -->
<testsuite hostname="MAGAR" failures="0" tests="1" name="testCases.cartPageTest" time="47.006" errors="0" timestamp="2023-10-20T14:56:31 IST" skipped="0">
  <testcase classname="testCases.cartPageTest" name="verifyTitleCartPageTest" time="47.006"/>
  <system-out>
    <![CDATA[Title of Crat pageYour Cart]]>
  </system-out>
</testsuite> <!-- testCases.cartPageTest -->
